<?xml version="1.0" encoding="UTF-8"?>
<testsuite name="org.example.MainTest" tests="5" skipped="0" failures="0" errors="0" timestamp="2024-11-03T15:35:09" hostname="LAPTOP-3NHV45U1" time="0.056">
  <properties/>
  <testcase name="suma()" classname="org.example.MainTest" time="0.037"/>
  <testcase name="resta()" classname="org.example.MainTest" time="0.001"/>
  <testcase name="division()" classname="org.example.MainTest" time="0.004"/>
  <testcase name="divisionPorCero()" classname="org.example.MainTest" time="0.003"/>
  <testcase name="multiplicacion()" classname="org.example.MainTest" time="0.002"/>
  <system-out><![CDATA[]]></system-out>
  <system-err><![CDATA[]]></system-err>
</testsuite>
